<?xml version="1.0" encoding="UTF-8"?>
<testsuite xmlns:xsi="http://www.w3.org/2001/XMLSchema-instance" xsi:noNamespaceSchemaLocation="https://maven.apache.org/surefire/maven-surefire-plugin/xsd/surefire-test-report.xsd" name="com.testcase.TestDynamic" time="0.026" tests="2" errors="0" skipped="0" failures="0">
  <properties>
[...]
</properties>
  <testcase name="dynamicTestsFromCollection[1]" classname="com.testcase.TestDynamic" time="0.002"/>
  <testcase name="dynamicTestsFromCollection[2]" classname="com.testcase.TestDynamic" time="0.001"/>
</testsuite>