<?xml version="1.0" encoding="UTF-8"?>
<testng-results ignored="0" total="0" passed="0" failed="0" skipped="0">
  <reporter-output>
  </reporter-output>
  <suite started-at="2020-07-21T09:44:07Z" name="com.testcase.LoginTest" finished-at="2020-07-21T09:44:07Z" duration-ms="2">
    <groups>
    </groups>
    <test started-at="2020-07-21T09:44:07Z" name="Command line test" finished-at="2020-07-21T09:44:07Z" duration-ms="2">
    </test> <!-- Command line test -->
  </suite> <!-- com.testcase.LoginTest -->
</testng-results>
