<?xml version="1.0" encoding="UTF-8"?>
<testsuite xmlns:xsi="http://www.w3.org/2001/XMLSchema-instance" xsi:noNamespaceSchemaLocation="https://maven.apache.org/surefire/maven-surefire-plugin/xsd/surefire-test-report.xsd" name="com.hogwarts.testcase.AssertTest" time="18.326" tests="2" errors="0" skipped="0" failures="1">
  <properties>
[...]
</properties>
  <testcase name="priceTest" classname="com.hogwarts.testcase.AssertTest" time="12.509"/>
  <testcase name="assertTest" classname="com.hogwarts.testcase.AssertTest" time="0.011">
    <failure message="expected: &lt;1&gt; but was: &lt;2&gt;" type="org.opentest4j.AssertionFailedError"><![CDATA[org.opentest4j.AssertionFailedError: expected: <1> but was: <2>
	at com.hogwarts.testcase.AssertTest.assertTest(AssertTest.java:20)
]]></failure>
  </testcase>
</testsuite>